Arguments:
  /usr/local/bin/node /usr/local/Cellar/yarn/1.22.18/libexec/bin/yarn.js

PATH:
  /Users/yao/Library/pnpm:/Users/yao/.rbenv/shims:/Users/yao/.rbenv/bin:/Library/Java/JavaVirtualMachines/jdk1.8.0_271.jdk/Contents/Home/bin:/opt/local/bin:/opt/local/sbin:/usr/local/bin:/usr/bin:/bin:/usr/sbin:/sbin:/opt/X11/bin:/Library/Apple/usr/bin:/Users/yao/Library/pnpm:/Users/yao/.rbenv/shims:/Users/yao/.rbenv/bin:/Library/Java/JavaVirtualMachines/jdk1.8.0_271.jdk/Contents/Home/bin:/opt/local/bin:/opt/local/sbin:/Users/yao/.cargo/bin:.:.

Yarn version:
  1.22.18

Node version:
  16.18.1

Platform:
  darwin x64

Trace:
  Error: read ECONNRESET
      at TLSWrap.onStreamRead (node:internal/stream_base_commons:217:20)

npm manifest:
  {
    "name": "eslint-plugin-alipay-mini",
    "version": "0.0.0",
    "description": "ban api",
    "keywords": [
      "eslint",
      "eslintplugin",
      "eslint-plugin"
    ],
    "author": "Yao",
    "main": "./lib/index.js",
    "exports": "./lib/index.js",
    "scripts": {
      "lint": "npm-run-all \"lint:*\"",
      "lint:eslint-docs": "npm-run-all \"update:eslint-docs -- --check\"",
      "lint:js": "eslint .",
      "test": "mocha tests --recursive",
      "update:eslint-docs": "eslint-doc-generator"
    },
    "dependencies": {
      "requireindex": "^1.2.0"
    },
    "devDependencies": {
      "eslint": "^8.19.0",
      "eslint-doc-generator": "^1.0.0",
      "eslint-plugin-eslint-plugin": "^5.0.0",
      "eslint-plugin-node": "^11.1.0",
      "mocha": "^10.0.0",
      "npm-run-all": "^4.1.5"
    },
    "engines": {
      "node": "^14.17.0 || ^16.0.0 || >= 18.0.0"
    },
    "peerDependencies": {
      "eslint": ">=7"
    },
    "license": "ISC"
  }

yarn manifest:
  No manifest

Lockfile:
  No lockfile
